*** Starting uWSGI 2.0.21 (64bit) on [Tue May  9 10:50:37 2023] ***
compiled with version: 11.3.0 on 08 May 2023 17:08:40
os: Linux-4.4.0-19041-Microsoft #1237-Microsoft Sat Sep 11 14:32:00 PST 2021
nodename: DESKTOP-450KIEB
machine: x86_64
clock source: unix
pcre jit disabled
detected number of CPU cores: 16
current working directory: /home/nixion/uwsgI/uwsgi-2.0.20/VDOM_WSGI/runtime2.0/sources
detected binary path: /home/nixion/.local/bin/uwsgi
*** dumping internal response routing table ***
[rule: 0] subject: ${X_SENDFILE} func: !empty action: static:${X_SENDFILE}
*** end of the internal response routing table ***
collecting header X-Sendfile to var X_SENDFILE
your processes number limit is 7823
your memory page size is 4096 bytes
detected max file descriptor number: 1024
building mime-types dictionary from file /etc/mime.types...1516 entry found
lock engine: pthread robust mutexes
thunder lock: disabled (you can enable it with --thunder-lock)
TCP_DEFER_ACCEPT setsockopt(): Protocol not available [core/socket.c line 744]
uwsgi socket 0 bound to TCP address 127.0.0.1:3031 fd 3
Python version: 2.7.18 (default, Jul  1 2022, 10:30:50)  [GCC 11.2.0]
Python main interpreter initialized at 0x7fffcc5c3380
python threads support enabled
your server socket listen backlog is limited to 100 connections
your mercy for graceful operations on workers is 3 seconds
mapped 291968 bytes (285 KB) for 8 cores
*** Operational MODE: threaded ***
stty: 'standard input': Inappropriate ioctl for device
2023-05-09 03:50:37  Logger                [Logs] Start Logger
2023-05-09 03:50:37  Logger                [Logs] Connect to 127.0.0.1:23355
2023-05-09 03:50:37  Logger                [Logs] connection successful
2023-05-09 03:50:37  Log Server            [Logs] Start Log Server
2023-05-09 03:50:37  Log Server            [Logs] ERROR: Log server is already running or incorrect address or port
2023-05-09 03:50:37  Log Server            [Logs] Stop Log Server
2023-05-09 03:50:38  Main                  trying to open file = ../temp/vdom.wsdl
2023-05-09 03:50:38  Main                  trying to open file (success) = ../temp/vdom.wsdl
2023-05-09 03:50:38  Main                  [Memory] Load application 34f6c1f0-886b-41cf-8338-b585e492d1c0
2023-05-09 03:50:38  Main                  [Memory] Load type 2330fe83-8cd6-4ed5-907d-11874e7ebcf4
2023-05-09 03:50:38  Main                  [Memory] Load type 315381b8-f3f1-496c-92be-b65ebdd6b8a1
2023-05-09 03:50:38  Main                  [Memory] Load type 0d36c35d-9508-440f-bfec-668f3db8cfeb
2023-05-09 03:50:38  Main                  [Memory] Load type 73a54f2e-4001-4676-93a0-804048a57081
WSGI app 0 (mountpoint='') ready in 1 seconds on interpreter 0x7fffcc5c3380 pid: 1324 (default app)
*** uWSGI is running in multiple interpreter mode ***
spawned uWSGI master process (pid: 1324)
spawned uWSGI worker 1 (pid: 1333, cores: 8)
*** Stats server enabled on 127.0.0.1:9091 fd: 11 ***
spawned 2 offload threads for uWSGI worker 1
Tue May  9 10:53:28 2023 - uWSGI worker 1 screams: UAAAAAAH my master disconnected: i will kill myself !!!
Tue May  9 10:53:28 2023 - uWSGI worker 1 screams: UAAAAAAH my master disconnected: i will kill myself !!!
Tue May  9 10:53:28 2023 - uWSGI worker 1 screams: UAAAAAAH my master disconnected: i will kill myself !!!
Tue May  9 10:53:28 2023 - uWSGI worker 1 screams: UAAAAAAH my master disconnected: i will kill myself !!!
Tue May  9 10:53:28 2023 - uWSGI worker 1 screams: UAAAAAAH my master disconnected: i will kill myself !!!
Tue May  9 10:53:28 2023 - uWSGI worker 1 screams: UAAAAAAH my master disconnected: i will kill myself !!!
Tue May  9 10:53:28 2023 - uWSGI worker 1 screams: UAAAAAAH my master disconnected: i will kill myself !!!
Tue May  9 10:53:28 2023 - uWSGI worker 1 screams: UAAAAAAH my master disconnected: i will kill myself !!!
